[2025-10-24T09:35:55+00:00] POST={"barcode":"","supplier_id":"9","supplier_name":"Advanced Chemical Industries PLC","arrival_date":"2025-10-24","expiry_date":"2025-10-30","name":"Monitor","product_code":"MON-TECH-30000","category_code":"TECH","unit":"pcs","price":"30000","initial_qty":"100","sku":"SKU-MON-TEC-30000","spec":"24 Inch","status":"active"}
[2025-10-24T09:35:55+00:00] INSERT_SQL=INSERT INTO dms_products (org_id,name) VALUES (?,?)
[2025-10-24T09:35:55+00:00] INSERT_BINDS=[27,"Monitor"]
[2025-10-24T09:35:55+00:00] ROLLBACK: SQLSTATE[23000]: Integrity constraint violation: 1062 Duplicate entry '27-PRD-2025-00001' for key 'uq_products_org_productno'
[2025-10-24T09:46:35+00:00] POST={"barcode":"","supplier_id":"9","supplier_name":"Advanced Chemical Industries PLC","arrival_date":"2025-10-24","expiry_date":"2025-10-31","name":"Monitor","product_code":"MON-TECH-89999","category_code":"TECH","unit":"pcs","price":"89999","initial_qty":"100","sku":"SKU-MON-TEC-89999","spec":"gsadg shd hs f","status":"active"}
[2025-10-24T09:46:35+00:00] attempt#1 SQL=INSERT INTO dms_products (org_id,name) VALUES (?,?)
[2025-10-24T09:46:35+00:00] attempt#1 BINDS=[27,"Monitor"]
[2025-10-24T09:46:35+00:00] attempt#1 ERROR=SQLSTATE[23000]: Integrity constraint violation: 1062 Duplicate entry '27-PRD-2025-00001' for key 'uq_products_org_productno'
[2025-10-24T09:46:35+00:00] attempt#1 product_no duplicate → retrying...
[2025-10-24T09:46:35+00:00] attempt#2 SQL=INSERT INTO dms_products (org_id,name) VALUES (?,?)
[2025-10-24T09:46:35+00:00] attempt#2 BINDS=[27,"Monitor"]
[2025-10-24T09:46:35+00:00] attempt#2 ERROR=SQLSTATE[23000]: Integrity constraint violation: 1062 Duplicate entry '27-PRD-2025-00001' for key 'uq_products_org_productno'
[2025-10-24T09:46:35+00:00] attempt#2 product_no duplicate → retrying...
[2025-10-24T09:46:35+00:00] attempt#3 SQL=INSERT INTO dms_products (org_id,name) VALUES (?,?)
[2025-10-24T09:46:35+00:00] attempt#3 BINDS=[27,"Monitor"]
[2025-10-24T09:46:35+00:00] attempt#3 ERROR=SQLSTATE[23000]: Integrity constraint violation: 1062 Duplicate entry '27-PRD-2025-00001' for key 'uq_products_org_productno'
[2025-10-24T09:46:35+00:00] attempt#3 product_no duplicate → retrying...
[2025-10-24T09:46:35+00:00] attempt#4 SQL=INSERT INTO dms_products (org_id,name) VALUES (?,?)
[2025-10-24T09:46:35+00:00] attempt#4 BINDS=[27,"Monitor"]
[2025-10-24T09:46:35+00:00] attempt#4 ERROR=SQLSTATE[23000]: Integrity constraint violation: 1062 Duplicate entry '27-PRD-2025-00001' for key 'uq_products_org_productno'
[2025-10-24T09:46:35+00:00] attempt#4 product_no duplicate → retrying...
[2025-10-24T09:46:35+00:00] attempt#5 SQL=INSERT INTO dms_products (org_id,name) VALUES (?,?)
[2025-10-24T09:46:35+00:00] attempt#5 BINDS=[27,"Monitor"]
[2025-10-24T09:46:35+00:00] attempt#5 ERROR=SQLSTATE[23000]: Integrity constraint violation: 1062 Duplicate entry '27-PRD-2025-00001' for key 'uq_products_org_productno'
[2025-10-24T09:46:35+00:00] attempt#5 product_no duplicate → retrying...
[2025-10-24T09:46:35+00:00] attempt#6 SQL=INSERT INTO dms_products (org_id,name) VALUES (?,?)
[2025-10-24T09:46:35+00:00] attempt#6 BINDS=[27,"Monitor"]
[2025-10-24T09:46:35+00:00] attempt#6 ERROR=SQLSTATE[23000]: Integrity constraint violation: 1062 Duplicate entry '27-PRD-2025-00001' for key 'uq_products_org_productno'
[2025-10-24T09:52:50+00:00] POST={"barcode":"","supplier_id":"9","supplier_name":"Advanced Chemical Industries PLC","arrival_date":"2025-10-24","expiry_date":"2025-10-31","name":"Monitor","product_code":"MON-TECH-89999","category_code":"TECH","unit":"pcs","price":"89999","initial_qty":"100","sku":"SKU-MON-TEC-89999","spec":"gsadg shd hs f","status":"active"}
[2025-10-24T09:52:50+00:00] attempt#1 SQL=INSERT INTO dms_products (org_id,name) VALUES (?,?)
[2025-10-24T09:52:50+00:00] attempt#1 BINDS=[27,"Monitor"]
[2025-10-24T09:52:50+00:00] attempt#1 ERROR=SQLSTATE[23000]: Integrity constraint violation: 1062 Duplicate entry '27-PRD-2025-00001' for key 'uq_products_org_productno'
[2025-10-24T09:52:50+00:00] attempt#1 product_no duplicate → retrying...
[2025-10-24T09:52:50+00:00] attempt#2 SQL=INSERT INTO dms_products (org_id,name) VALUES (?,?)
[2025-10-24T09:52:50+00:00] attempt#2 BINDS=[27,"Monitor"]
[2025-10-24T09:52:50+00:00] attempt#2 ERROR=SQLSTATE[23000]: Integrity constraint violation: 1062 Duplicate entry '27-PRD-2025-00001' for key 'uq_products_org_productno'
[2025-10-24T09:52:50+00:00] attempt#2 product_no duplicate → retrying...
[2025-10-24T09:52:50+00:00] attempt#3 SQL=INSERT INTO dms_products (org_id,name) VALUES (?,?)
[2025-10-24T09:52:50+00:00] attempt#3 BINDS=[27,"Monitor"]
[2025-10-24T09:52:50+00:00] attempt#3 ERROR=SQLSTATE[23000]: Integrity constraint violation: 1062 Duplicate entry '27-PRD-2025-00001' for key 'uq_products_org_productno'
[2025-10-24T09:52:50+00:00] attempt#3 product_no duplicate → retrying...
[2025-10-24T09:52:50+00:00] attempt#4 SQL=INSERT INTO dms_products (org_id,name) VALUES (?,?)
[2025-10-24T09:52:50+00:00] attempt#4 BINDS=[27,"Monitor"]
[2025-10-24T09:52:50+00:00] attempt#4 ERROR=SQLSTATE[23000]: Integrity constraint violation: 1062 Duplicate entry '27-PRD-2025-00001' for key 'uq_products_org_productno'
[2025-10-24T09:52:50+00:00] attempt#4 product_no duplicate → retrying...
[2025-10-24T09:52:50+00:00] attempt#5 SQL=INSERT INTO dms_products (org_id,name) VALUES (?,?)
[2025-10-24T09:52:50+00:00] attempt#5 BINDS=[27,"Monitor"]
[2025-10-24T09:52:50+00:00] attempt#5 ERROR=SQLSTATE[23000]: Integrity constraint violation: 1062 Duplicate entry '27-PRD-2025-00001' for key 'uq_products_org_productno'
[2025-10-24T09:52:50+00:00] attempt#5 product_no duplicate → retrying...
[2025-10-24T09:52:50+00:00] attempt#6 SQL=INSERT INTO dms_products (org_id,name) VALUES (?,?)
[2025-10-24T09:52:50+00:00] attempt#6 BINDS=[27,"Monitor"]
[2025-10-24T09:52:50+00:00] attempt#6 ERROR=SQLSTATE[23000]: Integrity constraint violation: 1062 Duplicate entry '27-PRD-2025-00001' for key 'uq_products_org_productno'
[2025-10-24T09:53:22+00:00] POST={"barcode":"","supplier_id":"9","supplier_name":"Advanced Chemical Industries PLC","arrival_date":"2025-10-24","expiry_date":"2025-10-31","name":"Laptop","product_code":"LAP-TECH-95000","category_code":"TECH","unit":"pcs","price":"95000","initial_qty":"100","sku":"SKU-LAP-TEC-95000","spec":"jdshc ds. cdnsc","status":"active"}
[2025-10-24T09:53:22+00:00] attempt#1 SQL=INSERT INTO dms_products (org_id,name) VALUES (?,?)
[2025-10-24T09:53:22+00:00] attempt#1 BINDS=[27,"Laptop"]
[2025-10-24T09:53:22+00:00] attempt#1 ERROR=SQLSTATE[23000]: Integrity constraint violation: 1062 Duplicate entry '27-PRD-2025-00001' for key 'uq_products_org_productno'
[2025-10-24T09:53:22+00:00] attempt#1 product_no duplicate → retrying...
[2025-10-24T09:53:22+00:00] attempt#2 SQL=INSERT INTO dms_products (org_id,name) VALUES (?,?)
[2025-10-24T09:53:22+00:00] attempt#2 BINDS=[27,"Laptop"]
[2025-10-24T09:53:22+00:00] attempt#2 ERROR=SQLSTATE[23000]: Integrity constraint violation: 1062 Duplicate entry '27-PRD-2025-00001' for key 'uq_products_org_productno'
[2025-10-24T09:53:22+00:00] attempt#2 product_no duplicate → retrying...
[2025-10-24T09:53:22+00:00] attempt#3 SQL=INSERT INTO dms_products (org_id,name) VALUES (?,?)
[2025-10-24T09:53:22+00:00] attempt#3 BINDS=[27,"Laptop"]
[2025-10-24T09:53:22+00:00] attempt#3 ERROR=SQLSTATE[23000]: Integrity constraint violation: 1062 Duplicate entry '27-PRD-2025-00001' for key 'uq_products_org_productno'
[2025-10-24T09:53:22+00:00] attempt#3 product_no duplicate → retrying...
[2025-10-24T09:53:22+00:00] attempt#4 SQL=INSERT INTO dms_products (org_id,name) VALUES (?,?)
[2025-10-24T09:53:22+00:00] attempt#4 BINDS=[27,"Laptop"]
[2025-10-24T09:53:22+00:00] attempt#4 ERROR=SQLSTATE[23000]: Integrity constraint violation: 1062 Duplicate entry '27-PRD-2025-00001' for key 'uq_products_org_productno'
[2025-10-24T09:53:22+00:00] attempt#4 product_no duplicate → retrying...
[2025-10-24T09:53:22+00:00] attempt#5 SQL=INSERT INTO dms_products (org_id,name) VALUES (?,?)
[2025-10-24T09:53:22+00:00] attempt#5 BINDS=[27,"Laptop"]
[2025-10-24T09:53:22+00:00] attempt#5 ERROR=SQLSTATE[23000]: Integrity constraint violation: 1062 Duplicate entry '27-PRD-2025-00001' for key 'uq_products_org_productno'
[2025-10-24T09:53:22+00:00] attempt#5 product_no duplicate → retrying...
[2025-10-24T09:53:22+00:00] attempt#6 SQL=INSERT INTO dms_products (org_id,name) VALUES (?,?)
[2025-10-24T09:53:22+00:00] attempt#6 BINDS=[27,"Laptop"]
[2025-10-24T09:53:22+00:00] attempt#6 ERROR=SQLSTATE[23000]: Integrity constraint violation: 1062 Duplicate entry '27-PRD-2025-00001' for key 'uq_products_org_productno'
[2025-10-24T09:58:52+00:00] POST={"barcode":"","supplier_id":"9","supplier_name":"Advanced Chemical Industries PLC","arrival_date":"2025-10-24","expiry_date":"2025-10-31","name":"Laptop","product_code":"LAP-TECH-95000","category_code":"TECH","unit":"pcs","price":"95000","initial_qty":"100","sku":"SKU-LAP-TEC-95000","spec":"jdshc ds. cdnsc","status":"active"}
[2025-10-24T09:58:52+00:00] INSERT_SQL=INSERT INTO dms_products (org_id,name) VALUES (?,?)
[2025-10-24T09:58:52+00:00] INSERT_BINDS=[27,"Laptop"]
[2025-10-24T09:58:52+00:00] ROLLBACK: SQLSTATE[23000]: Integrity constraint violation: 1062 Duplicate entry '27-PRD-2025-00001' for key 'uq_products_org_productno' (unique key: uq_products_org_productno)
[2025-10-24T09:59:17+00:00] POST={"barcode":"","supplier_id":"9","supplier_name":"Advanced Chemical Industries PLC","arrival_date":"2025-10-24","expiry_date":"2025-10-30","name":"Monitor","product_code":"MON-TECH-8999","category_code":"TECH","unit":"pcs","price":"8999","initial_qty":"100","sku":"SKU-MON-TEC-8999","spec":"cahfhdj c dwc","status":"active"}
[2025-10-24T09:59:17+00:00] INSERT_SQL=INSERT INTO dms_products (org_id,name) VALUES (?,?)
[2025-10-24T09:59:17+00:00] INSERT_BINDS=[27,"Monitor"]
[2025-10-24T09:59:17+00:00] ROLLBACK: SQLSTATE[23000]: Integrity constraint violation: 1062 Duplicate entry '27-PRD-2025-00001' for key 'uq_products_org_productno' (unique key: uq_products_org_productno)
[2025-10-24T10:03:15+00:00] POST={"barcode":"","supplier_id":"9","supplier_name":"Advanced Chemical Industries PLC","arrival_date":"2025-10-24","expiry_date":"2025-10-30","name":"Monitor","product_code":"MON-TECH-8999","category_code":"TECH","unit":"pcs","price":"8999","initial_qty":"100","sku":"SKU-MON-TEC-8999","spec":"cahfhdj c dwc","status":"active"}
[2025-10-24T10:03:15+00:00] INSERT_SQL=INSERT INTO dms_products (org_id,name) VALUES (?,?)
[2025-10-24T10:03:15+00:00] INSERT_BINDS=[27,"Monitor"]
[2025-10-24T10:03:15+00:00] INSERTED_ID=2036
[2025-10-24T10:03:15+00:00] MOVE_SQL=INSERT INTO dms_inventory_moves (org_id,product_id,move_type,in_qty,out_qty,note) VALUES (?,?,?,?,?,?) BINDS=[27,2036,"opening",100,0,"Opening stock on create"]
[2025-10-24T10:03:15+00:00] COMMIT OK → redirect /t/ipsita/apps/dms/products/2036
[2025-10-24T10:08:09+00:00] POST={"barcode":"","supplier_id":"9","supplier_name":"Advanced Chemical Industries PLC","arrival_date":"2025-10-24","expiry_date":"2025-10-30","name":"Test","product_code":"TES-LLL-899","category_code":"LLL","unit":"pcs","price":"899","initial_qty":"100","sku":"SKU-TES-LLL-899","spec":"fjhbsdhb h ","status":"active"}
[2025-10-24T10:08:09+00:00] INSERT_SQL=INSERT INTO dms_products (org_id,name) VALUES (?,?)
[2025-10-24T10:08:09+00:00] INSERT_BINDS=[27,"Test"]
[2025-10-24T10:08:09+00:00] INSERTED_ID=2037
[2025-10-24T10:08:09+00:00] MOVE_SQL=INSERT INTO dms_inventory_moves (org_id,product_id,move_type,in_qty,out_qty,note) VALUES (?,?,?,?,?,?) BINDS=[27,2037,"opening",100,0,"Opening stock on create"]
[2025-10-24T10:08:09+00:00] COMMIT OK → redirect /t/ipsita/apps/dms/products/2037
